<?xml version="1.0" encoding="UTF-8"?>
<testng-results ignored="0" total="1" passed="1" failed="0" skipped="0">
  <reporter-output>
  </reporter-output>
  <suite started-at="2021-05-28T01:10:07Z" name="Default suite" finished-at="2021-05-28T01:10:13Z" duration-ms="5632">
    <groups>
    </groups>
    <test started-at="2021-05-28T01:10:07Z" name="Default test" finished-at="2021-05-28T01:10:13Z" duration-ms="5632">
      <class name="test.LoginTest">
        <test-method signature="validUserShouldBeAbleToLogin()[pri:0, instance:test.LoginTest@68d6972f]" started-at="2021-05-28T01:10:07Z" name="validUserShouldBeAbleToLogin" finished-at="2021-05-28T01:10:13Z" duration-ms="5595" status="PASS">
          <reporter-output>
          </reporter-output>
        </test-method> <!-- validUserShouldBeAbleToLogin -->
      </class> <!-- test.LoginTest -->
    </test> <!-- Default test -->
  </suite> <!-- Default suite -->
</testng-results>
